<?xml version="1.0" encoding="UTF-8"?>
<!-- Generated by org.testng.reporters.JUnitXMLReporter -->
<testsuite hostname="LAPTOP-UT5RV267" ignored="0" name="Test" tests="6" failures="0" timestamp="24 Oct 2018 18:01:08 GMT" time="68.084" errors="0">
  <testcase name="calculatorTest1" time="0.764" classname="com.calculator.tests.CalculatorTest"/>
  <testcase name="calculatorTest2" time="1.785" classname="com.calculator.tests.CalculatorTest"/>
  <testcase name="calculatorTest3" time="1.608" classname="com.calculator.tests.CalculatorTest"/>
  <testcase name="calculatorTest4" time="1.63" classname="com.calculator.tests.CalculatorTest"/>
  <testcase name="calculatorTest5" time="1.597" classname="com.calculator.tests.CalculatorTest"/>
  <testcase name="calculatorTest6" time="1.639" classname="com.calculator.tests.CalculatorTest"/>
</testsuite> <!-- Test -->
