<?xml version="1.0" encoding="UTF-8"?>
<testng-results skipped="0" failed="0" ignored="0" total="6" passed="6">
  <reporter-output>
  </reporter-output>
  <suite name="Suite" duration-ms="68084" started-at="2018-10-24T18:00:00Z" finished-at="2018-10-24T18:01:08Z">
    <groups>
    </groups>
    <test name="Test" duration-ms="68084" started-at="2018-10-24T18:00:00Z" finished-at="2018-10-24T18:01:08Z">
      <class name="com.calculator.tests.CalculatorTest">
        <test-method status="PASS" signature="beforeAllTests()[pri:0, instance:com.calculator.tests.CalculatorTest@5ce81285]" name="beforeAllTests" is-config="true" duration-ms="36" started-at="2018-10-24T18:00:00Z" finished-at="2018-10-24T18:00:00Z">
          <reporter-output>
          </reporter-output>
        </test-method> <!-- beforeAllTests -->
        <test-method status="PASS" signature="beforeEachTest()[pri:0, instance:com.calculator.tests.CalculatorTest@5ce81285]" name="beforeEachTest" is-config="true" duration-ms="7565" started-at="2018-10-24T18:00:00Z" finished-at="2018-10-24T18:00:08Z">
          <reporter-output>
          </reporter-output>
        </test-method> <!-- beforeEachTest -->
        <test-method status="PASS" signature="calculatorTest1()[pri:0, instance:com.calculator.tests.CalculatorTest@5ce81285]" name="calculatorTest1" duration-ms="764" started-at="2018-10-24T18:00:08Z" finished-at="2018-10-24T18:00:08Z">
          <reporter-output>
          </reporter-output>
        </test-method> <!-- calculatorTest1 -->
        <test-method status="PASS" signature="afterEachTest()[pri:0, instance:com.calculator.tests.CalculatorTest@5ce81285]" name="afterEachTest" is-config="true" duration-ms="5702" started-at="2018-10-24T18:00:08Z" finished-at="2018-10-24T18:00:14Z">
          <reporter-output>
          </reporter-output>
        </test-method> <!-- afterEachTest -->
        <test-method status="PASS" signature="beforeEachTest()[pri:0, instance:com.calculator.tests.CalculatorTest@5ce81285]" name="beforeEachTest" is-config="true" duration-ms="3457" started-at="2018-10-24T18:00:14Z" finished-at="2018-10-24T18:00:18Z">
          <reporter-output>
          </reporter-output>
        </test-method> <!-- beforeEachTest -->
        <test-method status="PASS" signature="calculatorTest2()[pri:0, instance:com.calculator.tests.CalculatorTest@5ce81285]" name="calculatorTest2" duration-ms="1785" started-at="2018-10-24T18:00:18Z" finished-at="2018-10-24T18:00:19Z">
          <reporter-output>
          </reporter-output>
        </test-method> <!-- calculatorTest2 -->
        <test-method status="PASS" signature="afterEachTest()[pri:0, instance:com.calculator.tests.CalculatorTest@5ce81285]" name="afterEachTest" is-config="true" duration-ms="5694" started-at="2018-10-24T18:00:19Z" finished-at="2018-10-24T18:00:25Z">
          <reporter-output>
          </reporter-output>
        </test-method> <!-- afterEachTest -->
        <test-method status="PASS" signature="beforeEachTest()[pri:0, instance:com.calculator.tests.CalculatorTest@5ce81285]" name="beforeEachTest" is-config="true" duration-ms="3298" started-at="2018-10-24T18:00:25Z" finished-at="2018-10-24T18:00:28Z">
          <reporter-output>
          </reporter-output>
        </test-method> <!-- beforeEachTest -->
        <test-method status="PASS" signature="calculatorTest3()[pri:0, instance:com.calculator.tests.CalculatorTest@5ce81285]" name="calculatorTest3" duration-ms="1608" started-at="2018-10-24T18:00:28Z" finished-at="2018-10-24T18:00:30Z">
          <reporter-output>
          </reporter-output>
        </test-method> <!-- calculatorTest3 -->
        <test-method status="PASS" signature="afterEachTest()[pri:0, instance:com.calculator.tests.CalculatorTest@5ce81285]" name="afterEachTest" is-config="true" duration-ms="5696" started-at="2018-10-24T18:00:30Z" finished-at="2018-10-24T18:00:36Z">
          <reporter-output>
          </reporter-output>
        </test-method> <!-- afterEachTest -->
        <test-method status="PASS" signature="beforeEachTest()[pri:0, instance:com.calculator.tests.CalculatorTest@5ce81285]" name="beforeEachTest" is-config="true" duration-ms="3365" started-at="2018-10-24T18:00:36Z" finished-at="2018-10-24T18:00:39Z">
          <reporter-output>
          </reporter-output>
        </test-method> <!-- beforeEachTest -->
        <test-method status="PASS" signature="calculatorTest4()[pri:0, instance:com.calculator.tests.CalculatorTest@5ce81285]" name="calculatorTest4" duration-ms="1630" started-at="2018-10-24T18:00:39Z" finished-at="2018-10-24T18:00:41Z">
          <reporter-output>
          </reporter-output>
        </test-method> <!-- calculatorTest4 -->
        <test-method status="PASS" signature="afterEachTest()[pri:0, instance:com.calculator.tests.CalculatorTest@5ce81285]" name="afterEachTest" is-config="true" duration-ms="5733" started-at="2018-10-24T18:00:41Z" finished-at="2018-10-24T18:00:46Z">
          <reporter-output>
          </reporter-output>
        </test-method> <!-- afterEachTest -->
        <test-method status="PASS" signature="beforeEachTest()[pri:0, instance:com.calculator.tests.CalculatorTest@5ce81285]" name="beforeEachTest" is-config="true" duration-ms="3411" started-at="2018-10-24T18:00:46Z" finished-at="2018-10-24T18:00:50Z">
          <reporter-output>
          </reporter-output>
        </test-method> <!-- beforeEachTest -->
        <test-method status="PASS" signature="calculatorTest5()[pri:0, instance:com.calculator.tests.CalculatorTest@5ce81285]" name="calculatorTest5" duration-ms="1597" started-at="2018-10-24T18:00:50Z" finished-at="2018-10-24T18:00:51Z">
          <reporter-output>
          </reporter-output>
        </test-method> <!-- calculatorTest5 -->
        <test-method status="PASS" signature="afterEachTest()[pri:0, instance:com.calculator.tests.CalculatorTest@5ce81285]" name="afterEachTest" is-config="true" duration-ms="5842" started-at="2018-10-24T18:00:51Z" finished-at="2018-10-24T18:00:57Z">
          <reporter-output>
          </reporter-output>
        </test-method> <!-- afterEachTest -->
        <test-method status="PASS" signature="beforeEachTest()[pri:0, instance:com.calculator.tests.CalculatorTest@5ce81285]" name="beforeEachTest" is-config="true" duration-ms="3505" started-at="2018-10-24T18:00:57Z" finished-at="2018-10-24T18:01:01Z">
          <reporter-output>
          </reporter-output>
        </test-method> <!-- beforeEachTest -->
        <test-method status="PASS" signature="calculatorTest6()[pri:0, instance:com.calculator.tests.CalculatorTest@5ce81285]" name="calculatorTest6" duration-ms="1639" started-at="2018-10-24T18:01:01Z" finished-at="2018-10-24T18:01:02Z">
          <reporter-output>
          </reporter-output>
        </test-method> <!-- calculatorTest6 -->
        <test-method status="PASS" signature="afterEachTest()[pri:0, instance:com.calculator.tests.CalculatorTest@5ce81285]" name="afterEachTest" is-config="true" duration-ms="5717" started-at="2018-10-24T18:01:02Z" finished-at="2018-10-24T18:01:08Z">
          <reporter-output>
          </reporter-output>
        </test-method> <!-- afterEachTest -->
        <test-method status="PASS" signature="afterAllTests()[pri:0, instance:com.calculator.tests.CalculatorTest@5ce81285]" name="afterAllTests" is-config="true" duration-ms="0" started-at="2018-10-24T18:01:08Z" finished-at="2018-10-24T18:01:08Z">
          <reporter-output>
          </reporter-output>
        </test-method> <!-- afterAllTests -->
      </class> <!-- com.calculator.tests.CalculatorTest -->
    </test> <!-- Test -->
  </suite> <!-- Suite -->
</testng-results>
