<?xml version="1.0" encoding="UTF-8"?>
<!-- Generated by org.testng.reporters.JUnitXMLReporter -->
<testsuite hostname="LAPTOP-UT5RV267" ignored="0" name="Default test" tests="6" failures="0" timestamp="10 Oct 2018 12:10:15 GMT" time="72.869" errors="0">
  <testcase name="calculatorTest1" time="0.937" classname="com.calculator.tests.CalculatorTest"/>
  <testcase name="calculatorTest2" time="2.774" classname="com.calculator.tests.CalculatorTest"/>
  <testcase name="calculatorTest3" time="2.041" classname="com.calculator.tests.CalculatorTest"/>
  <testcase name="calculatorTest4" time="1.944" classname="com.calculator.tests.CalculatorTest"/>
  <testcase name="calculatorTest5" time="1.732" classname="com.calculator.tests.CalculatorTest"/>
  <testcase name="calculatorTest6" time="1.775" classname="com.calculator.tests.CalculatorTest"/>
</testsuite> <!-- Default test -->
